c:\users\nathan\desktop\college\snhu\23-24\it 312\week 3\hallamnathan_week3\hallamnathan_week3\x64\debug\vc143.pdb
c:\users\nathan\desktop\college\snhu\23-24\it 312\week 3\hallamnathan_week3\hallamnathan_week3\x64\debug\vc143.idb
c:\users\nathan\desktop\college\snhu\23-24\it 312\week 3\hallamnathan_week3\hallamnathan_week3\x64\debug\hallamnathan_anarrayoftreasure.obj
c:\users\nathan\desktop\college\snhu\23-24\it 312\week 3\hallamnathan_week3\x64\debug\hallamnathan_week3.pdb
c:\users\nathan\desktop\college\snhu\23-24\it 312\week 3\hallamnathan_week3\hallamnathan_week3\x64\debug\hallamna.121a7a9d.tlog\cl.command.1.tlog
c:\users\nathan\desktop\college\snhu\23-24\it 312\week 3\hallamnathan_week3\hallamnathan_week3\x64\debug\hallamna.121a7a9d.tlog\cl.items.tlog
c:\users\nathan\desktop\college\snhu\23-24\it 312\week 3\hallamnathan_week3\hallamnathan_week3\x64\debug\hallamna.121a7a9d.tlog\cl.read.1.tlog
c:\users\nathan\desktop\college\snhu\23-24\it 312\week 3\hallamnathan_week3\hallamnathan_week3\x64\debug\hallamna.121a7a9d.tlog\cl.write.1.tlog
c:\users\nathan\desktop\college\snhu\23-24\it 312\week 3\hallamnathan_week3\hallamnathan_week3\x64\debug\hallamna.121a7a9d.tlog\link-cvtres.read.1.tlog
c:\users\nathan\desktop\college\snhu\23-24\it 312\week 3\hallamnathan_week3\hallamnathan_week3\x64\debug\hallamna.121a7a9d.tlog\link-cvtres.write.1.tlog
c:\users\nathan\desktop\college\snhu\23-24\it 312\week 3\hallamnathan_week3\hallamnathan_week3\x64\debug\hallamna.121a7a9d.tlog\link-rc.read.1.tlog
c:\users\nathan\desktop\college\snhu\23-24\it 312\week 3\hallamnathan_week3\hallamnathan_week3\x64\debug\hallamna.121a7a9d.tlog\link-rc.write.1.tlog
c:\users\nathan\desktop\college\snhu\23-24\it 312\week 3\hallamnathan_week3\hallamnathan_week3\x64\debug\hallamna.121a7a9d.tlog\link.28368-cvtres.read.1.tlog
c:\users\nathan\desktop\college\snhu\23-24\it 312\week 3\hallamnathan_week3\hallamnathan_week3\x64\debug\hallamna.121a7a9d.tlog\link.28368-cvtres.write.1.tlog
c:\users\nathan\desktop\college\snhu\23-24\it 312\week 3\hallamnathan_week3\hallamnathan_week3\x64\debug\hallamna.121a7a9d.tlog\link.28368-rc.read.1.tlog
c:\users\nathan\desktop\college\snhu\23-24\it 312\week 3\hallamnathan_week3\hallamnathan_week3\x64\debug\hallamna.121a7a9d.tlog\link.28368-rc.write.1.tlog
c:\users\nathan\desktop\college\snhu\23-24\it 312\week 3\hallamnathan_week3\hallamnathan_week3\x64\debug\hallamna.121a7a9d.tlog\link.28368.read.1.tlog
c:\users\nathan\desktop\college\snhu\23-24\it 312\week 3\hallamnathan_week3\hallamnathan_week3\x64\debug\hallamna.121a7a9d.tlog\link.28368.read.2.tlog
c:\users\nathan\desktop\college\snhu\23-24\it 312\week 3\hallamnathan_week3\hallamnathan_week3\x64\debug\hallamna.121a7a9d.tlog\link.28368.read.3.tlog
c:\users\nathan\desktop\college\snhu\23-24\it 312\week 3\hallamnathan_week3\hallamnathan_week3\x64\debug\hallamna.121a7a9d.tlog\link.28368.read.4.tlog
c:\users\nathan\desktop\college\snhu\23-24\it 312\week 3\hallamnathan_week3\hallamnathan_week3\x64\debug\hallamna.121a7a9d.tlog\link.28368.write.1.tlog
c:\users\nathan\desktop\college\snhu\23-24\it 312\week 3\hallamnathan_week3\hallamnathan_week3\x64\debug\hallamna.121a7a9d.tlog\link.command.1.tlog
c:\users\nathan\desktop\college\snhu\23-24\it 312\week 3\hallamnathan_week3\hallamnathan_week3\x64\debug\hallamna.121a7a9d.tlog\link.read.1.tlog
c:\users\nathan\desktop\college\snhu\23-24\it 312\week 3\hallamnathan_week3\hallamnathan_week3\x64\debug\hallamna.121a7a9d.tlog\link.read.2.tlog
c:\users\nathan\desktop\college\snhu\23-24\it 312\week 3\hallamnathan_week3\hallamnathan_week3\x64\debug\hallamna.121a7a9d.tlog\link.read.3.tlog
c:\users\nathan\desktop\college\snhu\23-24\it 312\week 3\hallamnathan_week3\hallamnathan_week3\x64\debug\hallamna.121a7a9d.tlog\link.read.4.tlog
c:\users\nathan\desktop\college\snhu\23-24\it 312\week 3\hallamnathan_week3\hallamnathan_week3\x64\debug\hallamna.121a7a9d.tlog\link.write.1.tlog
